[13:57:21] [main/INFO]: Extra: []
[13:57:21] [main/INFO]: Running with arguments: [--tweakClass, net.minecraftforge.fml.common.launcher.FMLServerTweaker, --tweakClass, net.minecraftforge.gradle.tweakers.CoremodTweaker]
[13:57:21] [main/INFO]: Loading tweak class name net.minecraftforge.fml.common.launcher.FMLServerTweaker
[13:57:21] [main/INFO]: Using primary tweak class name net.minecraftforge.fml.common.launcher.FMLServerTweaker
[13:57:21] [main/INFO]: Loading tweak class name net.minecraftforge.gradle.tweakers.CoremodTweaker
[13:57:21] [main/INFO]: Calling tweak class net.minecraftforge.fml.common.launcher.FMLServerTweaker
[13:57:28] [Server thread/INFO]: Starting minecraft server version 1.12.2
[13:57:32] [Server thread/INFO]: Loading properties
[13:57:32] [Server thread/INFO]: Default game type: SURVIVAL
[13:57:32] [Server thread/INFO]: Generating keypair
[13:57:32] [Server thread/INFO]: Starting Minecraft server on *:25565
[13:57:32] [Server thread/INFO]: Using epoll channel type
[13:57:33] [Server thread/INFO]: Preparing level "world"
[13:57:34] [Server thread/INFO]: Loaded 488 advancements
[13:57:36] [Server thread/INFO]: Preparing start region for level 0
[13:57:37] [Server thread/INFO]: Preparing spawn area: 4%
[13:57:38] [Server thread/INFO]: Preparing spawn area: 7%
[13:57:39] [Server thread/INFO]: Preparing spawn area: 11%
[13:57:40] [Server thread/INFO]: Preparing spawn area: 17%
[13:57:41] [Server thread/INFO]: Preparing spawn area: 26%
[13:57:42] [Server thread/INFO]: Preparing spawn area: 35%
[13:57:43] [Server thread/INFO]: Preparing spawn area: 43%
[13:57:44] [Server thread/INFO]: Preparing spawn area: 52%
[13:57:45] [Server thread/INFO]: Preparing spawn area: 62%
[13:57:46] [Server thread/INFO]: Preparing spawn area: 72%
[13:57:47] [Server thread/INFO]: Preparing spawn area: 81%
[13:57:48] [Server thread/INFO]: Preparing spawn area: 91%
[13:57:49] [Server thread/INFO]: Preparing spawn area: 99%
[13:57:50] [Server thread/INFO]: Done (16.423s)! For help, type "help" or "?"
[13:57:56] [User Authenticator #1/INFO]: UUID of player Starlingfire is d750f78e-0fc1-4de7-899e-be54cad0e546
[13:57:57] [Server thread/INFO]: Starlingfire[/127.0.0.1:58842] logged in with entity id 2017 at (-2.5, 66.0, 223.5)
[13:57:57] [Server thread/INFO]: Starlingfire joined the game
[13:57:59] [Server thread/WARN]: Can't keep up! Did the system time change, or is the server overloaded? Running 2091ms behind, skipping 41 tick(s)
[13:58:22] [Server thread/INFO]: Opped starlingfire
[13:58:30] [Server thread/INFO]: [Starlingfire: Given [Vending Machine] * 1 to Starlingfire]
[13:58:45] [Server thread/INFO]: [Starlingfire: Given [Diamond Pickaxe] * 1 to Starlingfire]
[13:59:23] [Server thread/INFO]: Starlingfire lost connection: Disconnected
[13:59:23] [Server thread/INFO]: Starlingfire left the game
[13:59:30] [Server thread/INFO]: Stopping server
[13:59:30] [Server thread/INFO]: Saving players
[13:59:30] [Server thread/INFO]: Saving worlds
[13:59:30] [Server thread/INFO]: Saving chunks for level 'world'/overworld
[13:59:30] [Server thread/INFO]: Saving chunks for level 'world'/the_nether
[13:59:30] [Server thread/INFO]: Saving chunks for level 'world'/the_end
[13:59:30] [Server Shutdown Thread/INFO]: Stopping server
[13:59:30] [Server Shutdown Thread/INFO]: Saving players
[13:59:30] [Server Shutdown Thread/INFO]: Saving worlds
